Flow report for led_case
Tue Aug 10 17:04:23 2021
Quartus Prime Version 18.0.0 Build 614 04/24/2018 SJ Standard Edition


---------------------
; Table of Contents ;
---------------------
  1. Legal Notice
  2. Flow Summary
  3. Flow Settings
  4. Flow Non-Default Global Settings
  5. Flow Elapsed Time
  6. Flow OS Summary
  7. Flow Log
  8. Flow Messages
  9. Flow Suppressed Messages



----------------
; Legal Notice ;
----------------
Copyright (C) 2018  Intel Corporation. All rights reserved.
Your use of Intel Corporation's design tools, logic functions 
and other software and tools, and its AMPP partner logic 
functions, and any output files from any of the foregoing 
(including device programming or simulation files), and any 
associated documentation or information are expressly subject 
to the terms and conditions of the Intel Program License 
Subscription Agreement, the Intel Quartus Prime License Agreement,
the Intel FPGA IP License Agreement, or other applicable license
agreement, including, without limitation, that your use is for
the sole purpose of programming logic devices manufactured by
Intel and sold by Intel or its authorized distributors.  Please
refer to the applicable agreement for further details.



+-------------------------------------------------------------------------+
; Flow Summary                                                            ;
+-----------------------+-------------------------------------------------+
; Flow Status           ; Successful - Tue Aug 10 17:04:23 2021           ;
; Quartus Prime Version ; 18.0.0 Build 614 04/24/2018 SJ Standard Edition ;
; Revision Name         ; led_case                                        ;
; Top-level Entity Name ; led_case                                        ;
; Family                ; MAX II                                          ;
; Device                ; EPM240T100C5                                    ;
; Timing Models         ; Final                                           ;
; Total logic elements  ; 69 / 240 ( 29 % )                               ;
; Total pins            ; 4 / 80 ( 5 % )                                  ;
; Total virtual pins    ; 0                                               ;
; UFM blocks            ; 0 / 1 ( 0 % )                                   ;
+-----------------------+-------------------------------------------------+


+-----------------------------------------+
; Flow Settings                           ;
+-------------------+---------------------+
; Option            ; Setting             ;
+-------------------+---------------------+
; Start date & time ; 08/10/2021 17:03:58 ;
; Main task         ; Compilation         ;
; Revision Name     ; led_case            ;
+-------------------+---------------------+


+-------------------------------------------------------------------------------------------------------------------------------+
; Flow Non-Default Global Settings                                                                                              ;
+---------------------------------------+----------------------------------------+---------------+-------------+----------------+
; Assignment Name                       ; Value                                  ; Default Value ; Entity Name ; Section Id     ;
+---------------------------------------+----------------------------------------+---------------+-------------+----------------+
; COMPILER_SIGNATURE_ID                 ; 1099215439409.162860423808752          ; --            ; --          ; --             ;
; EDA_OUTPUT_DATA_FORMAT                ; Vhdl                                   ; --            ; --          ; eda_simulation ;
; EDA_SIMULATION_TOOL                   ; ModelSim (VHDL)                        ; <None>        ; --          ; --             ;
; EDA_TIME_SCALE                        ; 1 ps                                   ; --            ; --          ; eda_simulation ;
; MAX_CORE_JUNCTION_TEMP                ; 85                                     ; --            ; --          ; --             ;
; MIN_CORE_JUNCTION_TEMP                ; 0                                      ; --            ; --          ; --             ;
; OUTPUT_IO_TIMING_FAR_END_VMEAS        ; -- (Not supported for targeted family) ; --            ; --          ; --             ;
; OUTPUT_IO_TIMING_FAR_END_VMEAS        ; -- (Not supported for targeted family) ; --            ; --          ; --             ;
; OUTPUT_IO_TIMING_NEAR_END_VMEAS       ; -- (Not supported for targeted family) ; --            ; --          ; --             ;
; OUTPUT_IO_TIMING_NEAR_END_VMEAS       ; -- (Not supported for targeted family) ; --            ; --          ; --             ;
; PARTITION_COLOR                       ; 16764057                               ; --            ; --          ; Top            ;
; PARTITION_FITTER_PRESERVATION_LEVEL   ; PLACEMENT_AND_ROUTING                  ; --            ; --          ; Top            ;
; PARTITION_NETLIST_TYPE                ; SOURCE                                 ; --            ; --          ; Top            ;
; POWER_BOARD_THERMAL_MODEL             ; -- (Not supported for targeted family) ; --            ; --          ; --             ;
; POWER_EXT_SUPPLY_VOLTAGE_TO_REGULATOR ; 3.3V                                   ; --            ; --          ; --             ;
; POWER_PRESET_COOLING_SOLUTION         ; 23 MM HEAT SINK WITH 200 LFPM AIRFLOW  ; --            ; --          ; --             ;
; PROJECT_OUTPUT_DIRECTORY              ; output_files                           ; --            ; --          ; --             ;
+---------------------------------------+----------------------------------------+---------------+-------------+----------------+


+--------------------------------------------------------------------------------------------------------------------------+
; Flow Elapsed Time                                                                                                        ;
+----------------------+--------------+-------------------------+---------------------+------------------------------------+
; Module Name          ; Elapsed Time ; Average Processors Used ; Peak Virtual Memory ; Total CPU Time (on all processors) ;
+----------------------+--------------+-------------------------+---------------------+------------------------------------+
; Analysis & Synthesis ; 00:00:17     ; 1.0                     ; 4716 MB             ; 00:00:39                           ;
; Fitter               ; 00:00:02     ; 1.0                     ; 5106 MB             ; 00:00:03                           ;
; Assembler            ; 00:00:01     ; 1.0                     ; 4659 MB             ; 00:00:01                           ;
; Timing Analyzer      ; 00:00:01     ; 1.0                     ; 4664 MB             ; 00:00:01                           ;
; EDA Netlist Writer   ; 00:00:01     ; 1.0                     ; 4623 MB             ; 00:00:01                           ;
; Total                ; 00:00:22     ; --                      ; --                  ; 00:00:45                           ;
+----------------------+--------------+-------------------------+---------------------+------------------------------------+


+------------------------------------------------------------------------------------+
; Flow OS Summary                                                                    ;
+----------------------+------------------+------------+------------+----------------+
; Module Name          ; Machine Hostname ; OS Name    ; OS Version ; Processor type ;
+----------------------+------------------+------------+------------+----------------+
; Analysis & Synthesis ; WIN-KNSRT7B04SV  ; Windows 10 ; 10.0       ; x86_64         ;
; Fitter               ; WIN-KNSRT7B04SV  ; Windows 10 ; 10.0       ; x86_64         ;
; Assembler            ; WIN-KNSRT7B04SV  ; Windows 10 ; 10.0       ; x86_64         ;
; Timing Analyzer      ; WIN-KNSRT7B04SV  ; Windows 10 ; 10.0       ; x86_64         ;
; EDA Netlist Writer   ; WIN-KNSRT7B04SV  ; Windows 10 ; 10.0       ; x86_64         ;
+----------------------+------------------+------------+------------+----------------+


------------
; Flow Log ;
------------
quartus_map --read_settings_files=on --write_settings_files=off led_case -c led_case
quartus_fit --read_settings_files=off --write_settings_files=off led_case -c led_case
quartus_asm --read_settings_files=off --write_settings_files=off led_case -c led_case
quartus_sta led_case -c led_case
quartus_eda --read_settings_files=off --write_settings_files=off led_case -c led_case



